<?xml version="1.0" encoding="UTF-8"?>
<!-- Generated by org.testng.reporters.JUnitReportReporter -->
<testsuite skipped="0" hostname="Vivkes-Mac-mini.local" name="Maven.AppiumTest" tests="2" failures="0" timestamp="2022-03-22T18:12:14 IST" time="0.006" errors="0">
  <testcase name="IOSApps" time="0.006" classname="Maven.AppiumTest"/>
  <system-out/>
  <testcase name="NavtiveApps" time="0.000" classname="Maven.AppiumTest"/>
  <system-out/>
</testsuite> <!-- Maven.AppiumTest -->
