<?xml version="1.0" encoding="UTF-8"?>
<!-- Generated by org.testng.reporters.JUnitReportReporter -->
<testsuite skipped="0" hostname="Vivkes-Mac-mini.local" name="Maven.AppTest" tests="1" failures="0" timestamp="2022-03-22T18:07:17 IST" time="0.006" errors="0">
  <testcase name="testApp" time="0.006" classname="Maven.AppTest"/>
  <system-out/>
</testsuite> <!-- Maven.AppTest -->
