<?xml version="1.0" encoding="UTF-8"?>
<!-- Generated by org.testng.reporters.JUnitReportReporter -->
<testsuite skipped="0" hostname="Vivkes-Mac-mini.local" name="Maven.seleniumTest" tests="2" failures="0" timestamp="2022-03-23T10:31:25 IST" time="0.001" errors="0">
  <testcase name="ElmentsUI" time="0.000" classname="Maven.seleniumTest"/>
  <system-out/>
  <testcase name="BrowserAutomation" time="0.001" classname="Maven.seleniumTest"/>
  <system-out/>
</testsuite> <!-- Maven.seleniumTest -->
