<?xml version="1.0" encoding="UTF-8"?>
<!-- Generated by org.testng.reporters.JUnitReportReporter -->
<testsuite skipped="0" hostname="Vivkes-Mac-mini.local" name="Maven.ApiTest" tests="2" failures="0" timestamp="2022-03-23T10:32:27 IST" time="0.008" errors="0">
  <testcase name="deleteTwitter" time="0.008" classname="Maven.ApiTest"/>
  <system-out/>
  <testcase name="postjira" time="0.000" classname="Maven.ApiTest"/>
  <system-out/>
</testsuite> <!-- Maven.ApiTest -->
